2018-06-07 17:08:18,Started
2018-06-07 17:09:37,Started,90,100,502018-06-07 17:09:58,Started,90,100,502018-06-07 17:13:48,Started
2018-06-07 17:13:49,Started
2018-06-07 17:14:04,Started
2018-06-07 17:14:05,Started
2018-06-07 17:14:13,Startd
2018-06-07 17:14:14,Startd
2018-06-07 17:14:19,Startd
2018-06-07 17:14:22,Started
2018-06-08 08:17:34,Started
2018-06-08 08:17:34,Alive2018-06-08 08:17:49,Started
2018-06-08 08:33:20,Alive
2018-06-08 08:39:53,Started
2018-06-08 09:06:25,Alive
2018-06-08 09:17:07,Started
2018-06-08 09:17:07,Alive
2018-06-08 09:17:29,Started
2018-06-08 09:17:29,Alive
2018-06-08 09:17:49,Started
Alive for 0:06:00

2018-06-08 09:24:42,Started
Alive for 6:46:28

2021-12-21 14:23:43,Started
Alive for 0:02:00

2021-12-21 14:51:51,Started
Alive for 0:00:00

2021-12-21 14:53:29,Started
Alive for 0:02:00

2021-12-21 14:56:16,Started
Alive for 0:11:13